Seeding 20 accounts...
Running 10000 transfers (20 workers, strategy=optimistic)...
2026/06/29 15:42:31 transfer error: too many optimistic retry conflicts
2026/06/29 15:42:32 transfer error: too many optimistic retry conflicts
2026/06/29 15:42:32 transfer error: too many optimistic retry conflicts
2026/06/29 15:42:33 transfer error: too many optimistic retry conflicts
2026/06/29 15:42:33 transfer error: too many optimistic retry conflicts
2026/06/29 15:42:33 transfer error: too many optimistic retry conflicts
2026/06/29 15:42:33 transfer error: too many optimistic retry conflicts
2026/06/29 15:42:33 transfer error: too many optimistic retry conflicts
2026/06/29 15:42:33 transfer error: too many optimistic retry conflicts
2026/06/29 15:42:33 transfer error: too many optimistic retry conflicts
2026/06/29 15:42:34 transfer error: too many optimistic retry conflicts
2026/06/29 15:42:34 transfer error: too many optimistic retry conflicts
2026/06/29 15:42:34 transfer error: too many optimistic retry conflicts
2026/06/29 15:42:34 transfer error: too many optimistic retry conflicts
2026/06/29 15:42:34 transfer error: too many optimistic retry conflicts
2026/06/29 15:42:35 transfer error: too many optimistic retry conflicts
2026/06/29 15:42:35 transfer error: too many optimistic retry conflicts
2026/06/29 15:42:36 transfer error: too many optimistic retry conflicts
2026/06/29 15:42:36 transfer error: too many optimistic retry conflicts
2026/06/29 15:42:36 transfer error: too many optimistic retry conflicts
2026/06/29 15:42:36 transfer error: too many optimistic retry conflicts
2026/06/29 15:42:40 transfer error: too many optimistic retry conflicts
2026/06/29 15:42:40 transfer error: too many optimistic retry conflicts
2026/06/29 15:42:40 transfer error: too many optimistic retry conflicts
2026/06/29 15:42:40 transfer error: too many optimistic retry conflicts
2026/06/29 15:42:40 transfer error: too many optimistic retry conflicts
2026/06/29 15:42:40 transfer error: too many optimistic retry conflicts
2026/06/29 15:42:40 transfer error: too many optimistic retry conflicts
2026/06/29 15:42:40 transfer error: too many optimistic retry conflicts
2026/06/29 15:42:40 transfer error: too many optimistic retry conflicts
2026/06/29 15:42:40 transfer error: too many optimistic retry conflicts
2026/06/29 15:42:40 transfer error: too many optimistic retry conflicts
2026/06/29 15:42:41 transfer error: too many optimistic retry conflicts
2026/06/29 15:42:42 transfer error: too many optimistic retry conflicts
2026/06/29 15:42:42 transfer error: too many optimistic retry conflicts
2026/06/29 15:42:42 transfer error: too many optimistic retry conflicts
2026/06/29 15:42:42 transfer error: too many optimistic retry conflicts
2026/06/29 15:42:42 transfer error: too many optimistic retry conflicts
2026/06/29 15:42:42 transfer error: too many optimistic retry conflicts
2026/06/29 15:42:42 transfer error: too many optimistic retry conflicts
2026/06/29 15:42:44 transfer error: too many optimistic retry conflicts
2026/06/29 15:42:44 transfer error: too many optimistic retry conflicts
2026/06/29 15:42:45 transfer error: too many optimistic retry conflicts
2026/06/29 15:42:45 transfer error: too many optimistic retry conflicts
2026/06/29 15:42:45 transfer error: too many optimistic retry conflicts
2026/06/29 15:42:45 transfer error: too many optimistic retry conflicts
2026/06/29 15:42:45 transfer error: too many optimistic retry conflicts
2026/06/29 15:42:45 transfer error: too many optimistic retry conflicts
2026/06/29 15:42:47 transfer error: too many optimistic retry conflicts
2026/06/29 15:42:47 transfer error: too many optimistic retry conflicts
2026/06/29 15:42:47 transfer error: too many optimistic retry conflicts
2026/06/29 15:42:47 transfer error: too many optimistic retry conflicts
2026/06/29 15:42:47 transfer error: too many optimistic retry conflicts
2026/06/29 15:42:47 transfer error: too many optimistic retry conflicts
2026/06/29 15:42:47 transfer error: too many optimistic retry conflicts
2026/06/29 15:42:47 transfer error: too many optimistic retry conflicts
2026/06/29 15:42:47 transfer error: too many optimistic retry conflicts
2026/06/29 15:42:47 transfer error: too many optimistic retry conflicts
2026/06/29 15:42:47 transfer error: too many optimistic retry conflicts
2026/06/29 15:42:47 transfer error: too many optimistic retry conflicts
2026/06/29 15:42:48 transfer error: too many optimistic retry conflicts
2026/06/29 15:42:48 transfer error: too many optimistic retry conflicts
2026/06/29 15:42:48 transfer error: too many optimistic retry conflicts
2026/06/29 15:42:48 transfer error: too many optimistic retry conflicts
2026/06/29 15:42:48 transfer error: too many optimistic retry conflicts
2026/06/29 15:42:48 transfer error: too many optimistic retry conflicts
2026/06/29 15:42:50 transfer error: too many optimistic retry conflicts
2026/06/29 15:42:50 transfer error: too many optimistic retry conflicts
2026/06/29 15:42:50 transfer error: too many optimistic retry conflicts
2026/06/29 15:42:51 transfer error: too many optimistic retry conflicts
2026/06/29 15:42:51 transfer error: too many optimistic retry conflicts
2026/06/29 15:42:51 transfer error: too many optimistic retry conflicts
2026/06/29 15:42:54 transfer error: too many optimistic retry conflicts
2026/06/29 15:42:54 transfer error: too many optimistic retry conflicts
2026/06/29 15:42:54 transfer error: too many optimistic retry conflicts
2026/06/29 15:42:55 transfer error: too many optimistic retry conflicts
2026/06/29 15:42:55 transfer error: too many optimistic retry conflicts
2026/06/29 15:42:55 transfer error: too many optimistic retry conflicts
2026/06/29 15:42:56 transfer error: too many optimistic retry conflicts
2026/06/29 15:42:56 transfer error: too many optimistic retry conflicts
2026/06/29 15:42:56 transfer error: too many optimistic retry conflicts
2026/06/29 15:42:57 transfer error: too many optimistic retry conflicts
2026/06/29 15:42:59 transfer error: too many optimistic retry conflicts
2026/06/29 15:42:59 transfer error: too many optimistic retry conflicts
2026/06/29 15:42:59 transfer error: too many optimistic retry conflicts
2026/06/29 15:42:59 transfer error: too many optimistic retry conflicts
2026/06/29 15:42:59 transfer error: too many optimistic retry conflicts
2026/06/29 15:43:00 transfer error: too many optimistic retry conflicts
2026/06/29 15:43:00 transfer error: too many optimistic retry conflicts
2026/06/29 15:43:00 transfer error: too many optimistic retry conflicts
2026/06/29 15:43:00 transfer error: too many optimistic retry conflicts
2026/06/29 15:43:00 transfer error: too many optimistic retry conflicts
2026/06/29 15:43:00 transfer error: too many optimistic retry conflicts
2026/06/29 15:43:00 transfer error: too many optimistic retry conflicts
2026/06/29 15:43:00 transfer error: too many optimistic retry conflicts
2026/06/29 15:43:00 transfer error: too many optimistic retry conflicts
2026/06/29 15:43:00 transfer error: too many optimistic retry conflicts
2026/06/29 15:43:00 transfer error: too many optimistic retry conflicts
2026/06/29 15:43:00 transfer error: too many optimistic retry conflicts
2026/06/29 15:43:00 transfer error: too many optimistic retry conflicts
2026/06/29 15:43:00 transfer error: too many optimistic retry conflicts
2026/06/29 15:43:00 transfer error: too many optimistic retry conflicts
2026/06/29 15:43:00 transfer error: too many optimistic retry conflicts
2026/06/29 15:43:00 transfer error: too many optimistic retry conflicts
2026/06/29 15:43:00 transfer error: too many optimistic retry conflicts
2026/06/29 15:43:00 transfer error: too many optimistic retry conflicts
2026/06/29 15:43:00 transfer error: too many optimistic retry conflicts
2026/06/29 15:43:00 transfer error: too many optimistic retry conflicts
2026/06/29 15:43:00 transfer error: too many optimistic retry conflicts
2026/06/29 15:43:00 transfer error: too many optimistic retry conflicts
2026/06/29 15:43:00 transfer error: too many optimistic retry conflicts
2026/06/29 15:43:01 transfer error: too many optimistic retry conflicts
2026/06/29 15:43:01 transfer error: too many optimistic retry conflicts
2026/06/29 15:43:04 transfer error: too many optimistic retry conflicts
2026/06/29 15:43:04 transfer error: too many optimistic retry conflicts
2026/06/29 15:43:04 transfer error: too many optimistic retry conflicts
2026/06/29 15:43:04 transfer error: too many optimistic retry conflicts
2026/06/29 15:43:04 transfer error: too many optimistic retry conflicts
2026/06/29 15:43:04 transfer error: too many optimistic retry conflicts
2026/06/29 15:43:04 transfer error: too many optimistic retry conflicts
2026/06/29 15:43:04 transfer error: too many optimistic retry conflicts
2026/06/29 15:43:05 transfer error: too many optimistic retry conflicts
2026/06/29 15:43:05 transfer error: too many optimistic retry conflicts
2026/06/29 15:43:07 transfer error: too many optimistic retry conflicts
2026/06/29 15:43:08 transfer error: too many optimistic retry conflicts
2026/06/29 15:43:08 transfer error: too many optimistic retry conflicts
2026/06/29 15:43:08 transfer error: too many optimistic retry conflicts
2026/06/29 15:43:09 transfer error: too many optimistic retry conflicts
2026/06/29 15:43:09 transfer error: too many optimistic retry conflicts
2026/06/29 15:43:09 transfer error: too many optimistic retry conflicts
2026/06/29 15:43:09 transfer error: too many optimistic retry conflicts
2026/06/29 15:43:10 transfer error: too many optimistic retry conflicts
2026/06/29 15:43:10 transfer error: too many optimistic retry conflicts
2026/06/29 15:43:10 transfer error: too many optimistic retry conflicts
2026/06/29 15:43:10 transfer error: too many optimistic retry conflicts
2026/06/29 15:43:10 transfer error: too many optimistic retry conflicts
2026/06/29 15:43:10 transfer error: too many optimistic retry conflicts
2026/06/29 15:43:10 transfer error: too many optimistic retry conflicts
2026/06/29 15:43:10 transfer error: too many optimistic retry conflicts
2026/06/29 15:43:10 transfer error: too many optimistic retry conflicts
2026/06/29 15:43:11 transfer error: too many optimistic retry conflicts
2026/06/29 15:43:11 transfer error: too many optimistic retry conflicts
2026/06/29 15:43:11 transfer error: too many optimistic retry conflicts
2026/06/29 15:43:11 transfer error: too many optimistic retry conflicts
2026/06/29 15:43:11 transfer error: too many optimistic retry conflicts
2026/06/29 15:43:12 transfer error: too many optimistic retry conflicts
2026/06/29 15:43:14 transfer error: too many optimistic retry conflicts
2026/06/29 15:43:14 transfer error: too many optimistic retry conflicts
2026/06/29 15:43:14 transfer error: too many optimistic retry conflicts
2026/06/29 15:43:14 transfer error: too many optimistic retry conflicts
2026/06/29 15:43:15 transfer error: too many optimistic retry conflicts
2026/06/29 15:43:15 transfer error: too many optimistic retry conflicts
2026/06/29 15:43:15 transfer error: too many optimistic retry conflicts
2026/06/29 15:43:15 transfer error: too many optimistic retry conflicts
2026/06/29 15:43:15 transfer error: too many optimistic retry conflicts
2026/06/29 15:43:15 transfer error: too many optimistic retry conflicts
2026/06/29 15:43:16 transfer error: too many optimistic retry conflicts
2026/06/29 15:43:17 transfer error: too many optimistic retry conflicts
2026/06/29 15:43:17 transfer error: too many optimistic retry conflicts
2026/06/29 15:43:17 transfer error: too many optimistic retry conflicts
2026/06/29 15:43:17 transfer error: too many optimistic retry conflicts
2026/06/29 15:43:17 transfer error: too many optimistic retry conflicts
2026/06/29 15:43:17 transfer error: too many optimistic retry conflicts
2026/06/29 15:43:17 transfer error: too many optimistic retry conflicts
2026/06/29 15:43:18 transfer error: too many optimistic retry conflicts
2026/06/29 15:43:18 transfer error: too many optimistic retry conflicts
2026/06/29 15:43:18 transfer error: too many optimistic retry conflicts
2026/06/29 15:43:18 transfer error: too many optimistic retry conflicts
2026/06/29 15:43:18 transfer error: too many optimistic retry conflicts
2026/06/29 15:43:18 transfer error: too many optimistic retry conflicts
2026/06/29 15:43:18 transfer error: too many optimistic retry conflicts
2026/06/29 15:43:18 transfer error: too many optimistic retry conflicts
2026/06/29 15:43:18 transfer error: too many optimistic retry conflicts
2026/06/29 15:43:18 transfer error: too many optimistic retry conflicts
2026/06/29 15:43:18 transfer error: too many optimistic retry conflicts
2026/06/29 15:43:20 transfer error: too many optimistic retry conflicts
2026/06/29 15:43:20 transfer error: too many optimistic retry conflicts
2026/06/29 15:43:20 transfer error: too many optimistic retry conflicts
2026/06/29 15:43:20 transfer error: too many optimistic retry conflicts
2026/06/29 15:43:20 transfer error: too many optimistic retry conflicts
2026/06/29 15:43:20 transfer error: too many optimistic retry conflicts
2026/06/29 15:43:20 transfer error: too many optimistic retry conflicts
2026/06/29 15:43:20 transfer error: too many optimistic retry conflicts
2026/06/29 15:43:22 transfer error: too many optimistic retry conflicts
2026/06/29 15:43:22 transfer error: too many optimistic retry conflicts
2026/06/29 15:43:24 transfer error: too many optimistic retry conflicts
2026/06/29 15:43:24 transfer error: too many optimistic retry conflicts
2026/06/29 15:43:24 transfer error: too many optimistic retry conflicts
2026/06/29 15:43:24 transfer error: too many optimistic retry conflicts
2026/06/29 15:43:24 transfer error: too many optimistic retry conflicts
2026/06/29 15:43:24 transfer error: too many optimistic retry conflicts
2026/06/29 15:43:24 transfer error: too many optimistic retry conflicts
2026/06/29 15:43:24 transfer error: too many optimistic retry conflicts
2026/06/29 15:43:24 transfer error: too many optimistic retry conflicts
2026/06/29 15:43:25 transfer error: too many optimistic retry conflicts
2026/06/29 15:43:25 transfer error: too many optimistic retry conflicts
2026/06/29 15:43:25 transfer error: too many optimistic retry conflicts
2026/06/29 15:43:25 transfer error: too many optimistic retry conflicts
2026/06/29 15:43:25 transfer error: too many optimistic retry conflicts
2026/06/29 15:43:25 transfer error: too many optimistic retry conflicts
2026/06/29 15:43:25 transfer error: too many optimistic retry conflicts
2026/06/29 15:43:25 transfer error: too many optimistic retry conflicts
2026/06/29 15:43:25 transfer error: too many optimistic retry conflicts
2026/06/29 15:43:26 transfer error: too many optimistic retry conflicts
2026/06/29 15:43:26 transfer error: too many optimistic retry conflicts
2026/06/29 15:43:27 transfer error: too many optimistic retry conflicts
2026/06/29 15:43:29 transfer error: too many optimistic retry conflicts
2026/06/29 15:43:30 transfer error: too many optimistic retry conflicts
2026/06/29 15:43:30 transfer error: too many optimistic retry conflicts
2026/06/29 15:43:30 transfer error: too many optimistic retry conflicts
2026/06/29 15:43:30 transfer error: too many optimistic retry conflicts
2026/06/29 15:43:30 transfer error: too many optimistic retry conflicts
2026/06/29 15:43:30 transfer error: too many optimistic retry conflicts
2026/06/29 15:43:30 transfer error: too many optimistic retry conflicts
2026/06/29 15:43:30 transfer error: too many optimistic retry conflicts
2026/06/29 15:43:31 transfer error: too many optimistic retry conflicts
2026/06/29 15:43:31 transfer error: too many optimistic retry conflicts
2026/06/29 15:43:31 transfer error: too many optimistic retry conflicts
2026/06/29 15:43:31 transfer error: too many optimistic retry conflicts
2026/06/29 15:43:31 transfer error: too many optimistic retry conflicts
2026/06/29 15:43:31 transfer error: too many optimistic retry conflicts
2026/06/29 15:43:31 transfer error: too many optimistic retry conflicts
2026/06/29 15:43:31 transfer error: too many optimistic retry conflicts
2026/06/29 15:43:31 transfer error: too many optimistic retry conflicts
2026/06/29 15:43:31 transfer error: too many optimistic retry conflicts
2026/06/29 15:43:32 transfer error: too many optimistic retry conflicts
2026/06/29 15:43:33 transfer error: too many optimistic retry conflicts
2026/06/29 15:43:33 transfer error: too many optimistic retry conflicts
2026/06/29 15:43:33 transfer error: too many optimistic retry conflicts
2026/06/29 15:43:33 transfer error: too many optimistic retry conflicts
2026/06/29 15:43:33 transfer error: too many optimistic retry conflicts
2026/06/29 15:43:33 transfer error: too many optimistic retry conflicts
2026/06/29 15:43:33 transfer error: too many optimistic retry conflicts
2026/06/29 15:43:33 transfer error: too many optimistic retry conflicts
2026/06/29 15:43:33 transfer error: too many optimistic retry conflicts
2026/06/29 15:43:33 transfer error: too many optimistic retry conflicts
2026/06/29 15:43:33 transfer error: too many optimistic retry conflicts
2026/06/29 15:43:33 transfer error: too many optimistic retry conflicts
2026/06/29 15:43:33 transfer error: too many optimistic retry conflicts
2026/06/29 15:43:33 transfer error: too many optimistic retry conflicts
2026/06/29 15:43:33 transfer error: too many optimistic retry conflicts
2026/06/29 15:43:33 transfer error: too many optimistic retry conflicts
2026/06/29 15:43:33 transfer error: too many optimistic retry conflicts
2026/06/29 15:43:33 transfer error: too many optimistic retry conflicts
2026/06/29 15:43:35 transfer error: too many optimistic retry conflicts
2026/06/29 15:43:35 transfer error: too many optimistic retry conflicts
2026/06/29 15:43:35 transfer error: too many optimistic retry conflicts

=== Results ===
Strategy:            optimistic
Transfers:           10000
Workers:             20
Accounts:            20
Wall time:           1m6.842s
TPS:                 150
Latency p50:         8.199ms
Latency p99:         2.042879s
Transfer errors:     247

=== Invariant Check ===
Conservation (SUM postings):   0  (want 0)
Balance drift accounts:         0  (want 0)
Negative balances:              0  (want 0)

Invariant violations: 0 ✓
